
chdir(/Applications/MacVim.app/Contents/Resources/vim)
fchdir() to previous dir
считывание сценария "$VIM/vimrc"
считывание сценария $VIM/vimrc завершено
chdir(/Users/kalashnikova)
fchdir() to previous dir
считывание сценария "$HOME/.vimrc"
chdir(/Applications/MacVim.app/Contents/Resources/vim/runtime)
fchdir() to previous dir
строка 4: считывание "/Applications/MacVim.app/Contents/Resources/vim/runtime/filetype.vim"
не найдено в 'runtimepath': "ftdetect/*.vim"
считывание сценария /Applications/MacVim.app/Contents/Resources/vim/runtime/filetype.vim завершено
продолжение в /Users/kalashnikova/.vimrc
chdir(/Applications/MacVim.app/Contents/Resources/vim/runtime)
fchdir() to previous dir
строка 4: считывание "/Applications/MacVim.app/Contents/Resources/vim/runtime/ftplugin.vim"
считывание сценария /Applications/MacVim.app/Contents/Resources/vim/runtime/ftplugin.vim завершено
продолжение в /Users/kalashnikova/.vimrc
chdir(/Applications/MacVim.app/Contents/Resources/vim/runtime)
fchdir() to previous dir
строка 4: считывание "/Applications/MacVim.app/Contents/Resources/vim/runtime/indent.vim"
считывание сценария /Applications/MacVim.app/Contents/Resources/vim/runtime/indent.vim завершено
продолжение в /Users/kalashnikova/.vimrc
chdir(/Applications/MacVim.app/Contents/Resources/vim/runtime/colors/lists)
fchdir() to previous dir
строка 81: считывание "/Applications/MacVim.app/Contents/Resources/vim/runtime/colors/lists/default.vim"
считывание сценария /Applications/MacVim.app/Contents/Resources/vim/runtime/colors/lists/default.vim завершено
продолжение в /Users/kalashnikova/.vimrc
chdir(/Applications/MacVim.app/Contents/Resources/vim/runtime/colors)
fchdir() to previous dir
строка 81: считывание "/Applications/MacVim.app/Contents/Resources/vim/runtime/colors/desert.vim"
считывание сценария /Applications/MacVim.app/Contents/Resources/vim/runtime/colors/desert.vim завершено
продолжение в /Users/kalashnikova/.vimrc
chdir(/Applications/MacVim.app/Contents/Resources/vim/runtime/syntax)
fchdir() to previous dir
строка 148: считывание "/Applications/MacVim.app/Contents/Resources/vim/runtime/syntax/syntax.vim"
chdir(/Applications/MacVim.app/Contents/Resources/vim/runtime/syntax)
fchdir() to previous dir
строка 19: считывание "/Applications/MacVim.app/Contents/Resources/vim/runtime/syntax/synload.vim"
chdir(/Applications/MacVim.app/Contents/Resources/vim/runtime/colors/lists)
fchdir() to previous dir
строка 19: считывание "/Applications/MacVim.app/Contents/Resources/vim/runtime/colors/lists/default.vim"
считывание сценария /Applications/MacVim.app/Contents/Resources/vim/runtime/colors/lists/default.vim завершено
продолжение в /Applications/MacVim.app/Contents/Resources/vim/runtime/syntax/synload.vim
chdir(/Applications/MacVim.app/Contents/Resources/vim/runtime/colors)
fchdir() to previous dir
строка 19: считывание "/Applications/MacVim.app/Contents/Resources/vim/runtime/colors/desert.vim"
chdir(/Applications/MacVim.app/Contents/Resources/vim/runtime/syntax)
fchdir() to previous dir
строка 13: считывание "/Applications/MacVim.app/Contents/Resources/vim/runtime/syntax/syncolor.vim"
считывание сценария /Applications/MacVim.app/Contents/Resources/vim/runtime/syntax/syncolor.vim завершено
продолжение в /Applications/MacVim.app/Contents/Resources/vim/runtime/colors/desert.vim
считывание сценария /Applications/MacVim.app/Contents/Resources/vim/runtime/colors/desert.vim завершено
продолжение в /Applications/MacVim.app/Contents/Resources/vim/runtime/syntax/synload.vim
считывание сценария /Applications/MacVim.app/Contents/Resources/vim/runtime/syntax/synload.vim завершено
продолжение в /Applications/MacVim.app/Contents/Resources/vim/runtime/syntax/syntax.vim
Выполнение FileType Автокоманды для "*"
автокоманда 0verbose exe "set syntax=" . expand("<amatch>")

считывание сценария /Applications/MacVim.app/Contents/Resources/vim/runtime/syntax/syntax.vim завершено
продолжение в /Users/kalashnikova/.vimrc
chdir(/Users/kalashnikova/.vim/autoload)
fchdir() to previous dir
строка 406: считывание "/Users/kalashnikova/.vim/autoload/pathogen.vim"
считывание сценария /Users/kalashnikova/.vim/autoload/pathogen.vim завершено
продолжение в /Users/kalashnikova/.vimrc
chdir(/Applications/MacVim.app/Contents/Resources/vim/runtime)
fchdir() to previous dir
строка 2: считывание "/Applications/MacVim.app/Contents/Resources/vim/runtime/ftoff.vim"
считывание сценария /Applications/MacVim.app/Contents/Resources/vim/runtime/ftoff.vim завершено
продолжение в pathogen#cycle_filetype
chdir(/Applications/MacVim.app/Contents/Resources/vim/runtime)
fchdir() to previous dir
строка 3: считывание "/Applications/MacVim.app/Contents/Resources/vim/runtime/filetype.vim"
не найдено в 'runtimepath': "ftdetect/*.vim"
считывание сценария /Applications/MacVim.app/Contents/Resources/vim/runtime/filetype.vim завершено
продолжение в pathogen#cycle_filetype
chdir(/Applications/MacVim.app/Contents/Resources/vim/runtime/syntax)
fchdir() to previous dir
строка 407: считывание "/Applications/MacVim.app/Contents/Resources/vim/runtime/syntax/syntax.vim"
chdir(/Applications/MacVim.app/Contents/Resources/vim/runtime/syntax)
fchdir() to previous dir
строка 15: считывание "/Applications/MacVim.app/Contents/Resources/vim/runtime/syntax/nosyntax.vim"
Выполнение BufEnter Автокоманды для "*"
автокоманда syn clear

автокоманда if exists("b:current_syntax") | unlet b:current_syntax | endif

считывание сценария /Applications/MacVim.app/Contents/Resources/vim/runtime/syntax/nosyntax.vim завершено
продолжение в /Applications/MacVim.app/Contents/Resources/vim/runtime/syntax/syntax.vim
chdir(/Applications/MacVim.app/Contents/Resources/vim/runtime/syntax)
fchdir() to previous dir
строка 19: считывание "/Applications/MacVim.app/Contents/Resources/vim/runtime/syntax/synload.vim"
chdir(/Applications/MacVim.app/Contents/Resources/vim/runtime/colors/lists)
fchdir() to previous dir
строка 19: считывание "/Applications/MacVim.app/Contents/Resources/vim/runtime/colors/lists/default.vim"
считывание сценария /Applications/MacVim.app/Contents/Resources/vim/runtime/colors/lists/default.vim завершено
продолжение в /Applications/MacVim.app/Contents/Resources/vim/runtime/syntax/synload.vim
chdir(/Applications/MacVim.app/Contents/Resources/vim/runtime/colors)
fchdir() to previous dir
строка 19: считывание "/Applications/MacVim.app/Contents/Resources/vim/runtime/colors/desert.vim"
chdir(/Applications/MacVim.app/Contents/Resources/vim/runtime/syntax)
fchdir() to previous dir
строка 13: считывание "/Applications/MacVim.app/Contents/Resources/vim/runtime/syntax/syncolor.vim"
считывание сценария /Applications/MacVim.app/Contents/Resources/vim/runtime/syntax/syncolor.vim завершено
продолжение в /Applications/MacVim.app/Contents/Resources/vim/runtime/colors/desert.vim
считывание сценария /Applications/MacVim.app/Contents/Resources/vim/runtime/colors/desert.vim завершено
продолжение в /Applications/MacVim.app/Contents/Resources/vim/runtime/syntax/synload.vim
считывание сценария /Applications/MacVim.app/Contents/Resources/vim/runtime/syntax/synload.vim завершено
продолжение в /Applications/MacVim.app/Contents/Resources/vim/runtime/syntax/syntax.vim
Выполнение FileType Автокоманды для "*"
автокоманда 0verbose exe "set syntax=" . expand("<amatch>")

считывание сценария /Applications/MacVim.app/Contents/Resources/vim/runtime/syntax/syntax.vim завершено
продолжение в /Users/kalashnikova/.vimrc
считывание сценария $HOME/.vimrc завершено
не найдено в 'packpath': "pack/*/start/*"
chdir(/Users/kalashnikova/.vim/bundle/emmet-vim/plugin)
fchdir() to previous dir
считывание сценария "/Users/kalashnikova/.vim/bundle/emmet-vim/plugin/emmet.vim"
считывание сценария /Users/kalashnikova/.vim/bundle/emmet-vim/plugin/emmet.vim завершено
chdir(/Users/kalashnikova/.vim/bundle/nerdtree/plugin)
fchdir() to previous dir
считывание сценария "/Users/kalashnikova/.vim/bundle/nerdtree/plugin/NERD_tree.vim"
chdir(/Users/kalashnikova/.vim/bundle/nerdtree/autoload)
fchdir() to previous dir
строка 59: считывание "/Users/kalashnikova/.vim/bundle/nerdtree/autoload/nerdtree.vim"
считывание сценария /Users/kalashnikova/.vim/bundle/nerdtree/autoload/nerdtree.vim завершено
продолжение в /Users/kalashnikova/.vim/bundle/nerdtree/plugin/NERD_tree.vim
chdir(/Users/kalashnikova/.vim/bundle/nerdtree/lib/nerdtree)
fchdir() to previous dir
строка 1: считывание "/Users/kalashnikova/.vim/bundle/nerdtree/lib/nerdtree/path.vim"
считывание сценария /Users/kalashnikova/.vim/bundle/nerdtree/lib/nerdtree/path.vim завершено
продолжение в nerdtree#loadClassFiles
chdir(/Users/kalashnikova/.vim/bundle/nerdtree/lib/nerdtree)
fchdir() to previous dir
строка 2: считывание "/Users/kalashnikova/.vim/bundle/nerdtree/lib/nerdtree/menu_controller.vim"
считывание сценария /Users/kalashnikova/.vim/bundle/nerdtree/lib/nerdtree/menu_controller.vim завершено
продолжение в nerdtree#loadClassFiles
chdir(/Users/kalashnikova/.vim/bundle/nerdtree/lib/nerdtree)
fchdir() to previous dir
строка 3: считывание "/Users/kalashnikova/.vim/bundle/nerdtree/lib/nerdtree/menu_item.vim"
считывание сценария /Users/kalashnikova/.vim/bundle/nerdtree/lib/nerdtree/menu_item.vim завершено
продолжение в nerdtree#loadClassFiles
chdir(/Users/kalashnikova/.vim/bundle/nerdtree/lib/nerdtree)
fchdir() to previous dir
строка 4: считывание "/Users/kalashnikova/.vim/bundle/nerdtree/lib/nerdtree/key_map.vim"
считывание сценария /Users/kalashnikova/.vim/bundle/nerdtree/lib/nerdtree/key_map.vim завершено
продолжение в nerdtree#loadClassFiles
chdir(/Users/kalashnikova/.vim/bundle/nerdtree/lib/nerdtree)
fchdir() to previous dir
строка 5: считывание "/Users/kalashnikova/.vim/bundle/nerdtree/lib/nerdtree/bookmark.vim"
считывание сценария /Users/kalashnikova/.vim/bundle/nerdtree/lib/nerdtree/bookmark.vim завершено
продолжение в nerdtree#loadClassFiles
chdir(/Users/kalashnikova/.vim/bundle/nerdtree/lib/nerdtree)
fchdir() to previous dir
строка 6: считывание "/Users/kalashnikova/.vim/bundle/nerdtree/lib/nerdtree/tree_file_node.vim"
считывание сценария /Users/kalashnikova/.vim/bundle/nerdtree/lib/nerdtree/tree_file_node.vim завершено
продолжение в nerdtree#loadClassFiles
chdir(/Users/kalashnikova/.vim/bundle/nerdtree/lib/nerdtree)
fchdir() to previous dir
строка 7: считывание "/Users/kalashnikova/.vim/bundle/nerdtree/lib/nerdtree/tree_dir_node.vim"
считывание сценария /Users/kalashnikova/.vim/bundle/nerdtree/lib/nerdtree/tree_dir_node.vim завершено
продолжение в nerdtree#loadClassFiles
chdir(/Users/kalashnikova/.vim/bundle/nerdtree/lib/nerdtree)
fchdir() to previous dir
строка 8: считывание "/Users/kalashnikova/.vim/bundle/nerdtree/lib/nerdtree/opener.vim"
считывание сценария /Users/kalashnikova/.vim/bundle/nerdtree/lib/nerdtree/opener.vim завершено
продолжение в nerdtree#loadClassFiles
chdir(/Users/kalashnikova/.vim/bundle/nerdtree/lib/nerdtree)
fchdir() to previous dir
строка 9: считывание "/Users/kalashnikova/.vim/bundle/nerdtree/lib/nerdtree/creator.vim"
считывание сценария /Users/kalashnikova/.vim/bundle/nerdtree/lib/nerdtree/creator.vim завершено
продолжение в nerdtree#loadClassFiles
chdir(/Users/kalashnikova/.vim/bundle/nerdtree/lib/nerdtree)
fchdir() to previous dir
строка 10: считывание "/Users/kalashnikova/.vim/bundle/nerdtree/lib/nerdtree/flag_set.vim"
считывание сценария /Users/kalashnikova/.vim/bundle/nerdtree/lib/nerdtree/flag_set.vim завершено
продолжение в nerdtree#loadClassFiles
chdir(/Users/kalashnikova/.vim/bundle/nerdtree/lib/nerdtree)
fchdir() to previous dir
строка 11: считывание "/Users/kalashnikova/.vim/bundle/nerdtree/lib/nerdtree/nerdtree.vim"
считывание сценария /Users/kalashnikova/.vim/bundle/nerdtree/lib/nerdtree/nerdtree.vim завершено
продолжение в nerdtree#loadClassFiles
chdir(/Users/kalashnikova/.vim/bundle/nerdtree/lib/nerdtree)
fchdir() to previous dir
строка 12: считывание "/Users/kalashnikova/.vim/bundle/nerdtree/lib/nerdtree/ui.vim"
считывание сценария /Users/kalashnikova/.vim/bundle/nerdtree/lib/nerdtree/ui.vim завершено
продолжение в nerdtree#loadClassFiles
chdir(/Users/kalashnikova/.vim/bundle/nerdtree/lib/nerdtree)
fchdir() to previous dir
строка 13: считывание "/Users/kalashnikova/.vim/bundle/nerdtree/lib/nerdtree/event.vim"
считывание сценария /Users/kalashnikova/.vim/bundle/nerdtree/lib/nerdtree/event.vim завершено
продолжение в nerdtree#loadClassFiles
chdir(/Users/kalashnikova/.vim/bundle/nerdtree/lib/nerdtree)
fchdir() to previous dir
строка 14: считывание "/Users/kalashnikova/.vim/bundle/nerdtree/lib/nerdtree/notifier.vim"
считывание сценария /Users/kalashnikova/.vim/bundle/nerdtree/lib/nerdtree/notifier.vim завершено
продолжение в nerdtree#loadClassFiles
chdir(/Users/kalashnikova/.vim/bundle/nerdtree/autoload/nerdtree)
fchdir() to previous dir
строка 148: считывание "/Users/kalashnikova/.vim/bundle/nerdtree/autoload/nerdtree/ui_glue.vim"
считывание сценария /Users/kalashnikova/.vim/bundle/nerdtree/autoload/nerdtree/ui_glue.vim завершено
продолжение в /Users/kalashnikova/.vim/bundle/nerdtree/plugin/NERD_tree.vim
chdir(/Users/kalashnikova/.vim/bundle/nerdtree/nerdtree_plugin)
fchdir() to previous dir
строка 5: считывание "/Users/kalashnikova/.vim/bundle/nerdtree/nerdtree_plugin/exec_menuitem.vim"
считывание сценария /Users/kalashnikova/.vim/bundle/nerdtree/nerdtree_plugin/exec_menuitem.vim завершено
продолжение в nerdtree#postSourceActions
chdir(/Users/kalashnikova/.vim/bundle/nerdtree/nerdtree_plugin)
fchdir() to previous dir
строка 5: считывание "/Users/kalashnikova/.vim/bundle/nerdtree/nerdtree_plugin/fs_menu.vim"
считывание сценария /Users/kalashnikova/.vim/bundle/nerdtree/nerdtree_plugin/fs_menu.vim завершено
продолжение в nerdtree#postSourceActions
chdir(/Users/kalashnikova/.vim/bundle/nerdtree/nerdtree_plugin)
fchdir() to previous dir
строка 5: считывание "/Users/kalashnikova/.vim/bundle/nerdtree/nerdtree_plugin/vcs.vim"
считывание сценария /Users/kalashnikova/.vim/bundle/nerdtree/nerdtree_plugin/vcs.vim завершено
продолжение в nerdtree#postSourceActions
chdir(/Users/kalashnikova/.vim/bundle/vim-devicons/nerdtree_plugin)
fchdir() to previous dir
строка 5: считывание "/Users/kalashnikova/.vim/bundle/vim-devicons/nerdtree_plugin/webdevicons.vim"
считывание сценария /Users/kalashnikova/.vim/bundle/vim-devicons/nerdtree_plugin/webdevicons.vim завершено
продолжение в nerdtree#postSourceActions
считывание сценария /Users/kalashnikova/.vim/bundle/nerdtree/plugin/NERD_tree.vim завершено
chdir(/Users/kalashnikova/.vim/bundle/vim-devicons/plugin)
fchdir() to previous dir
считывание сценария "/Users/kalashnikova/.vim/bundle/vim-devicons/plugin/webdevicons.vim"
считывание сценария /Users/kalashnikova/.vim/bundle/vim-devicons/plugin/webdevicons.vim завершено
chdir(/Users/kalashnikova/.vim/bundle/vim-nerdtree-syntax-highlight/plugin)
fchdir() to previous dir
считывание сценария "/Users/kalashnikova/.vim/bundle/vim-nerdtree-syntax-highlight/plugin/nerdtree_syntax_highlight.vim"
считывание сценария /Users/kalashnikova/.vim/bundle/vim-nerdtree-syntax-highlight/plugin/nerdtree_syntax_highlight.vim завершено
chdir(/Users/kalashnikova/.vim/bundle/vim-startify/plugin)
fchdir() to previous dir
считывание сценария "/Users/kalashnikova/.vim/bundle/vim-startify/plugin/startify.vim"
считывание сценария /Users/kalashnikova/.vim/bundle/vim-startify/plugin/startify.vim завершено
chdir(/Applications/MacVim.app/Contents/Resources/vim/runtime/plugin)
fchdir() to previous dir
считывание сценария "/Applications/MacVim.app/Contents/Resources/vim/runtime/plugin/getscriptPlugin.vim"
считывание сценария /Applications/MacVim.app/Contents/Resources/vim/runtime/plugin/getscriptPlugin.vim завершено
chdir(/Applications/MacVim.app/Contents/Resources/vim/runtime/plugin)
fchdir() to previous dir
считывание сценария "/Applications/MacVim.app/Contents/Resources/vim/runtime/plugin/gzip.vim"
считывание сценария /Applications/MacVim.app/Contents/Resources/vim/runtime/plugin/gzip.vim завершено
chdir(/Applications/MacVim.app/Contents/Resources/vim/runtime/plugin)
fchdir() to previous dir
считывание сценария "/Applications/MacVim.app/Contents/Resources/vim/runtime/plugin/logiPat.vim"
считывание сценария /Applications/MacVim.app/Contents/Resources/vim/runtime/plugin/logiPat.vim завершено
chdir(/Applications/MacVim.app/Contents/Resources/vim/runtime/plugin)
fchdir() to previous dir
считывание сценария "/Applications/MacVim.app/Contents/Resources/vim/runtime/plugin/manpager.vim"
считывание сценария /Applications/MacVim.app/Contents/Resources/vim/runtime/plugin/manpager.vim завершено
chdir(/Applications/MacVim.app/Contents/Resources/vim/runtime/plugin)
fchdir() to previous dir
считывание сценария "/Applications/MacVim.app/Contents/Resources/vim/runtime/plugin/matchparen.vim"
считывание сценария /Applications/MacVim.app/Contents/Resources/vim/runtime/plugin/matchparen.vim завершено
chdir(/Applications/MacVim.app/Contents/Resources/vim/runtime/plugin)
fchdir() to previous dir
считывание сценария "/Applications/MacVim.app/Contents/Resources/vim/runtime/plugin/netrwPlugin.vim"
считывание сценария /Applications/MacVim.app/Contents/Resources/vim/runtime/plugin/netrwPlugin.vim завершено
chdir(/Applications/MacVim.app/Contents/Resources/vim/runtime/plugin)
fchdir() to previous dir
считывание сценария "/Applications/MacVim.app/Contents/Resources/vim/runtime/plugin/rrhelper.vim"
считывание сценария /Applications/MacVim.app/Contents/Resources/vim/runtime/plugin/rrhelper.vim завершено
chdir(/Applications/MacVim.app/Contents/Resources/vim/runtime/plugin)
fchdir() to previous dir
считывание сценария "/Applications/MacVim.app/Contents/Resources/vim/runtime/plugin/spellfile.vim"
считывание сценария /Applications/MacVim.app/Contents/Resources/vim/runtime/plugin/spellfile.vim завершено
chdir(/Applications/MacVim.app/Contents/Resources/vim/runtime/plugin)
fchdir() to previous dir
считывание сценария "/Applications/MacVim.app/Contents/Resources/vim/runtime/plugin/tarPlugin.vim"
считывание сценария /Applications/MacVim.app/Contents/Resources/vim/runtime/plugin/tarPlugin.vim завершено
chdir(/Applications/MacVim.app/Contents/Resources/vim/runtime/plugin)
fchdir() to previous dir
считывание сценария "/Applications/MacVim.app/Contents/Resources/vim/runtime/plugin/tohtml.vim"
считывание сценария /Applications/MacVim.app/Contents/Resources/vim/runtime/plugin/tohtml.vim завершено
chdir(/Applications/MacVim.app/Contents/Resources/vim/runtime/plugin)
fchdir() to previous dir
считывание сценария "/Applications/MacVim.app/Contents/Resources/vim/runtime/plugin/vimballPlugin.vim"
считывание сценария /Applications/MacVim.app/Contents/Resources/vim/runtime/plugin/vimballPlugin.vim завершено
chdir(/Applications/MacVim.app/Contents/Resources/vim/runtime/plugin)
fchdir() to previous dir
считывание сценария "/Applications/MacVim.app/Contents/Resources/vim/runtime/plugin/zipPlugin.vim"
считывание сценария /Applications/MacVim.app/Contents/Resources/vim/runtime/plugin/zipPlugin.vim завершено
не найдено в 'packpath': "pack/*/start/*"
не найдено в 'runtimepath': "plugin/**/*.vim"
Чтение файла viminfo "/Users/kalashnikova/.viminfo" инфо старых файлов
Выполнение BufEnter Автокоманды для "*"
автокоманда call nerdtree#checkForBrowse(expand('<amatch>'))

Выполнение BufEnter Автокоманды для "*"
автокоманда sil call s:LocalBrowse(expand("<amatch>"))

Выполнение VimEnter Автокоманды для "*"
автокоманда call s:MaybeNERDTreeFind()

Выполнение VimEnter Автокоманды для "*"
автокоманда silent! autocmd! FileExplorer

автокоманда call nerdtree#checkForBrowse(expand('<amatch>'))

Выполнение VimEnter Автокоманды для "*"
автокоманда call s:on_vimenter()

chdir(/Users/kalashnikova/.vim/bundle/vim-startify/autoload)
fchdir() to previous dir
строка 5: считывание "/Users/kalashnikova/.vim/bundle/vim-startify/autoload/startify.vim"
считывание сценария /Users/kalashnikova/.vim/bundle/vim-startify/autoload/startify.vim завершено
продолжение в <SNR>38_on_vimenter
Обнаружена ошибка при обработке VimEnter Автокоманды для "*"..function <SNR>38_on_vimenter[5]..startify#insane_in_the_membrane:
строка  117:
E490: Складок не обнаружено
Выполнение FileType Автокоманды для "*"
автокоманда call LoadFTPlugin()

не найдено в 'runtimepath': "ftplugin/startify.vim ftplugin/startify_*.vim ftplugin/startify/*.vim"
Выполнение FileType Автокоманды для "*"
автокоманда call s:LoadIndent()

не найдено в 'runtimepath': "indent/startify.vim"
Выполнение FileType Автокоманды для "*"
автокоманда 0verbose exe "set syntax=" . expand("<amatch>")

Выполнение FileType Автокоманды для "startify"
автокоманда syntax match StartifyHotkey /"\s\zs\(\S\{2,4}\):/ containedin=StartifyHeader

Выполнение FileType Автокоманды для "startify"
автокоманда syntax match StartifyBracketLeft /\[/ contained

автокоманда syntax match StartifyBracketRight /\]/ contained

автокоманда : syntax match StartifyFile /\[[^\]]\+\]/ containedin=StartifySection | syntax match StartifyPath /\/[^\/]*$/ containedin=StartifyFile

автокоманда : syntax match StartifyExt /\.\w\+\($\|\[\)/ containedin=StartifyFile | syntax match StartifyExt /\/\.[^\/]\+\// containedin=StartifyPath

Выполнение FileType Автокоманды для "startify"
автокоманда : syntax match StartifyExtVim /\.vim\($\|\[\)/ containedin=StartifyFile | syntax match StartifyExtPy  /\.py\($\|\[\)/ containedin=StartifyFile | syntax match StartifyExtJs  /\.js\($\|\[\)/ containedin=StartifyFile | syntax match StartifyExtMd  /\.md\($\|\[\)/ containedin=StartifyFile

Выполнение CursorMoved Автокоманды для "*"
автокоманда call s:Highlight_Matching_Pair()

Выполнение CursorMoved Автокоманды для "<buffer=1>"
автокоманда call s:set_cursor()

Выполнение TextChanged Автокоманды для "*"
автокоманда unlet! b:charcount

Выполнение TextChanged Автокоманды для "*"
автокоманда call s:Highlight_Matching_Pair()


авто-удаление автокоманды: CursorMoved <буфер=1>
авто-удаление автокоманды: DirChanged <буфер=1>
Выполнение BufEnter Автокоманды для "*"
автокоманда call nerdtree#checkForBrowse(expand('<amatch>'))

Выполнение InsertEnter Автокоманды для "*"
автокоманда set nocursorline
-- ВСТАВКА --
Выполнение CursorMovedI Автокоманды для "*"
автокоманда call s:Highlight_Matching_Pair()

Выполнение CursorMovedI Автокоманды для "*"
автокоманда call s:Highlight_Matching_Pair()

Выполнение TextChangedI Автокоманды для "*"
автокоманда unlet! b:charcount

Выполнение TextChangedI Автокоманды для "*"
автокоманда call s:Highlight_Matching_Pair()
-- ВСТАВКА ---- ВСТАВКА --
Выполнение CursorMovedI Автокоманды для "*"
автокоманда call s:Highlight_Matching_Pair()

Выполнение TextChangedI Автокоманды для "*"
автокоманда unlet! b:charcount

Выполнение TextChangedI Автокоманды для "*"
автокоманда call s:Highlight_Matching_Pair()
-- ВСТАВКА ---- ВСТАВКА --
Выполнение CursorMovedI Автокоманды для "*"
автокоманда call s:Highlight_Matching_Pair()

Выполнение TextChangedI Автокоманды для "*"
автокоманда unlet! b:charcount

Выполнение TextChangedI Автокоманды для "*"
автокоманда call s:Highlight_Matching_Pair()

Выполнение CursorMovedI Автокоманды для "*"
автокоманда call s:Highlight_Matching_Pair()

Выполнение TextChangedI Автокоманды для "*"
автокоманда unlet! b:charcount

Выполнение TextChangedI Автокоманды для "*"
автокоманда call s:Highlight_Matching_Pair()

Выполнение CursorMovedI Автокоманды для "*"
автокоманда call s:Highlight_Matching_Pair()

Выполнение TextChangedI Автокоманды для "*"
автокоманда unlet! b:charcount

Выполнение TextChangedI Автокоманды для "*"
автокоманда call s:Highlight_Matching_Pair()
-- ВСТАВКА ---- ВСТАВКА --
Выполнение CursorMovedI Автокоманды для "*"
автокоманда call s:Highlight_Matching_Pair()

Выполнение TextChangedI Автокоманды для "*"
автокоманда unlet! b:charcount

Выполнение TextChangedI Автокоманды для "*"
автокоманда call s:Highlight_Matching_Pair()
-- ВСТАВКА ---- ВСТАВКА --
Выполнение CursorMovedI Автокоманды для "*"
автокоманда call s:Highlight_Matching_Pair()

Выполнение TextChangedI Автокоманды для "*"
авт